<?xml version="1.0" encoding="UTF-8"?>
<testsuite name="shell-log-test.TestSuite 1" tests="5" failures="2" errors="0" time="0.857"><properties><property name="gopherProxySet" value="false"/><property name="awt.toolkit" value="sun.lwawt.macosx.LWCToolkit"/><property name="java.specification.version" value="10"/><property name="file.encoding.pkg" value="sun.io"/><property name="sun.cpu.isalist" value=""/><property name="sun.jnu.encoding" value="UTF-8"/><property name="java.class.path" value="/usr/local/Cellar/maven/3.5.4/libexec/boot/plexus-classworlds-2.5.2.jar"/><property name="sun.awt.enableExtraMouseButtons" value="true"/><property name="java.vm.vendor" value="&quot;Oracle Corporation&quot;"/><property name="sun.arch.data.model" value="64"/><property name="sun.font.fontmanager" value="sun.font.CFontManager"/><property name="java.vendor.url" value="http://java.oracle.com/"/><property name="user.timezone" value="Europe/London"/><property name="maven.conf" value="/usr/local/Cellar/maven/3.5.4/libexec/conf"/><property name="os.name" value="Mac OS X"/><property name="java.vm.specification.version" value="10"/><property name="sun.java.launcher" value="SUN_STANDARD"/><property name="user.country" value="GB"/><property name="sun.boot.library.path" value="/Library/Java/JavaVirtualMachines/jdk-10.0.1.jdk/Contents/Home/lib"/><property name="sun.java.command" value="org.codehaus.plexus.classworlds.launcher.Launcher com.smartbear.soapui:soapui-maven-plugin:5.4.0:test"/><property name="http.nonProxyHosts" value="local|*.local|169.254/16|*.169.254/16"/><property name="jdk.debug" value="release"/><property name="maven.home" value="/usr/local/Cellar/maven/3.5.4/libexec"/><property name="sun.cpu.endian" value="little"/><property name="user.home" value="/Users/nicholas.j.gibbon"/><property name="user.language" value="en"/><property name="java.specification.vendor" value="Oracle Corporation"/><property name="java.version.date" value="2018-04-17"/><property name="java.home" value="/Library/Java/JavaVirtualMachines/jdk-10.0.1.jdk/Contents/Home"/><property name="file.separator" value="/"/><property name="java.vm.compressedOopsMode" value="Zero based"/><property name="line.separator" value="
"/><property name="java.specification.name" value="Java Platform API Specification"/><property name="java.vm.specification.vendor" value="Oracle Corporation"/><property name="java.awt.graphicsenv" value="sun.awt.CGraphicsEnvironment"/><property name="sun.management.compiler" value="HotSpot 64-Bit Tiered Compilers"/><property name="ftp.nonProxyHosts" value="local|*.local|169.254/16|*.169.254/16"/><property name="java.runtime.version" value="10.0.1+10"/><property name="user.name" value="nicholas.j.gibbon"/><property name="path.separator" value=":"/><property name="os.version" value="10.13.6"/><property name="java.runtime.name" value="Java(TM) SE Runtime Environment"/><property name="file.encoding" value="UTF-8"/><property name="guice.disable.misplaced.annotation.check" value="true"/><property name="java.vm.name" value="Java HotSpot(TM) 64-Bit Server VM"/><property name="java.vendor.version" value="18.3"/><property name="java.vendor.url.bug" value="http://bugreport.java.com/bugreport/"/><property name="java.io.tmpdir" value="/var/folders/d5/hchbdgqx19n858gdsltbl20w0000gn/T/"/><property name="java.version" value="10.0.1"/><property name="user.dir" value="/Users/nicholas.j.gibbon/Documents/me/git/shell-log-test/soapUI"/><property name="os.arch" value="x86_64"/><property name="maven.multiModuleProjectDirectory" value="/Users/nicholas.j.gibbon/Documents/me/git/shell-log-test/soapUI"/><property name="java.vm.specification.name" value="Java Virtual Machine Specification"/><property name="java.awt.printerjob" value="sun.lwawt.macosx.CPrinterJob"/><property name="sun.os.patch.level" value="unknown"/><property name="java.library.path" value="/Users/nicholas.j.gibbon/Library/Java/Extensions:/Library/Java/Extensions:/Network/Library/Java/Extensions:/System/Library/Java/Extensions:/usr/lib/java:."/><property name="java.vendor" value="Oracle Corporation"/><property name="java.vm.info" value="mixed mode"/><property name="java.vm.version" value="10.0.1+10"/><property name="classworlds.conf" value="/usr/local/Cellar/maven/3.5.4/libexec/bin/m2.conf"/><property name="sun.io.unicode.encoding" value="UnicodeBig"/><property name="library.jansi.path" value="/usr/local/Cellar/maven/3.5.4/libexec/lib/jansi-native"/><property name="java.class.version" value="54.0"/><property name="socksNonProxyHosts" value="local|*.local|169.254/16|*.169.254/16"/></properties><testcase name="TestCase 1" time="0.429"/><testcase name="TestCase 2" time="0.114"/><testcase name="TestCase 3" time="0.118"><failure type="Cancelling due to failed test step" message="Cancelling due to failed test step"><![CDATA[<h3><b>GroovyScript2 Failed</b></h3><pre>Assertion failed: 

assert pExitValue == 0
       |          |
       1          false

error at line: 31
</pre><hr/>]]></failure></testcase><testcase name="TestCase 4" time="0.105"><failure type="Cancelling due to failed test step" message="Cancelling due to failed test step"><![CDATA[<h3><b>GroovyScript2 Failed</b></h3><pre>Assertion failed: 

assert pExitValue == 0
       |          |
       1          false

error at line: 31
</pre><hr/>]]></failure></testcase><testcase name="TestCase 5" time="0.091"/></testsuite>